<?xml version="1.0" encoding="UTF-8" ?>
<testsuite errors="0" failures="0" hostname="ARMOREDLAPTOP" name="AP2DX.test.AP2DXBaseTest" tests="2" time="0.138" timestamp="2011-06-08T18:08:30">
  <properties>
[...]
</properties>
  <testcase classname="AP2DX.test.AP2DXBaseTest" name="testNothing" time="0.003" />
  <testcase classname="AP2DX.test.AP2DXBaseTest" name="testConcreteClass" time="0.042" />
  <system-out><![CDATA[#Cur dir: /home/maarten/uva/AP2DX/java/AP2DX
]]></system-out>
  <system-err><![CDATA[Jun 8, 2011 8:08:30 PM AP2DX.AP2DXBase <init>
INFO: Package: AP2DX.test
Jun 8, 2011 8:08:30 PM AP2DX.AP2DXBase <init>
INFO: Directory: /home/maarten/uva/AP2DX/java/AP2DX
]]></system-err>
</testsuite>
